[Message: Preloader] BepInEx 6.0.0-reactor.16 - Among Us
[Message: Preloader] BLEEDING EDGE Build #16 from a44ed820546a57f00af344eb86ba879e270b71d3 at reactor
[Info   :   BepInEx] System platform: Bits64, Windows
[Info   : Preloader] Running under Unity v2019.4.9.5308042
[Info   : Preloader] 0 patcher plugins loaded
[Info   : Preloader] 0 assemblies discovered
[Message:   BepInEx] Chainloader initialized
[Info   :Unhollower] Registered mono type UnhollowerRuntimeLib.DelegateSupport+Il2CppToMonoDelegateReference in il2cpp domain
[Info   :   BepInEx] 2 plugins to load
[Info   :   BepInEx] Loading [Reactor 0.2.0]
[Info   :Unhollower] Registered mono type Reactor.ReactorPlugin+ReactorComponent in il2cpp domain
[Info   :Unhollower] Registered mono type Reactor.Unstrip.Patches+GUIWordWrapSizer in il2cpp domain
[Info   :   BepInEx] Loading [Sheriff role mod 0.4.2]
[Message:   BepInEx] Chainloader startup complete
[Info   :   Reactor] Region file reloaded
[Info   :   Reactor] Region file reloaded
[Error  :    Detour] System.ArgumentOutOfRangeException: Array index may not be negative or above length of the array
Parameter name: index
  at UnhollowerBaseLib.Il2CppReferenceArray`1[T].get_Item (System.Int32 index) [0x0000d] in <f4b054337e3641d0ae703d8d1584db73>:0 
  at CrowdedSheriff.OptionsPatches+GameOptionsMenu_Start.Postfix (PHCKLDDNJNP& __instance) [0x000ba] in <b713c9d3081442209c3110b06a5ae828>:0 
  at (wrapper dynamic-method) PHCKLDDNJNP.DMD<PHCKLDDNJNP::Start>(PHCKLDDNJNP)
  at (wrapper dynamic-method) MonoMod.Utils.DynamicMethodDefinition.(il2cpp -> managed) Start(intptr,UnhollowerBaseLib.Runtime.Il2CppMethodInfo*)
[Info   :   Reactor] Region file reloaded
