[Message: Preloader] BepInEx 6.0.0-reactor.16 - Among Us
[Message: Preloader] BLEEDING EDGE Build #16 from a44ed820546a57f00af344eb86ba879e270b71d3 at reactor
[Info   :   BepInEx] System platform: Bits64, Windows
[Info   : Preloader] Running under Unity v2019.4.9.5308042
[Message: Preloader] Generating Il2CppUnhollower assemblies
[Info   : Preloader] Generating Il2CppDumper intermediate assemblies
[Info   : Preloader] Executing Il2CppUnhollower generator
[Info   :Unhollower] Reading assemblies... 
[Info   :Unhollower] Done in 00:00:01.4839753
[Info   :Unhollower] Computing renames... 
[Info   :Unhollower] Done in 00:00:00.0603664
[Info   :Unhollower] Creating typedefs... 
[Info   :Unhollower] Done in 00:00:00.0580539
[Info   :Unhollower] Computing struct blittability... 
[Info   :Unhollower] Done in 00:00:00.0155668
[Info   :Unhollower] Filling typedefs... 
[Info   :Unhollower] Done in 00:00:00.0458745
[Info   :Unhollower] Filling generic constraints... 
[Info   :Unhollower] Done in 00:00:00.0023219
[Info   :Unhollower] Creating members... 
[Info   :Unhollower] Done in 00:00:00.6008153
[Info   :Unhollower] Scanning method cross-references... 
[Info   :Unhollower] Done in 00:00:01.7954780
[Info   :Unhollower] Finalizing method declarations... 
[Info   :Unhollower] Done in 00:00:02.1814542
[Info   :Unhollower] 0 total potentially dead methods
[Info   :Unhollower] Filling method parameters... 
[Info   :Unhollower] Done in 00:00:00.4324044
[Info   :Unhollower] Creating static constructors... 
[Info   :Unhollower] Done in 00:00:00.3620617
[Info   :Unhollower] Creating value type fields... 
[Info   :Unhollower] Done in 00:00:00.0723829
[Info   :Unhollower] Creating enums... 
[Info   :Unhollower] Done in 00:00:00.0485131
[Info   :Unhollower] Creating IntPtr constructors... 
[Info   :Unhollower] Done in 00:00:00.0231964
[Info   :Unhollower] Creating type getters... 
[Info   :Unhollower] Done in 00:00:00.0496145
[Info   :Unhollower] Creating non-blittable struct constructors... 
[Info   :Unhollower] Done in 00:00:00.0065682
[Info   :Unhollower] Creating generic method static constructors... 
[Info   :Unhollower] Done in 00:00:00.0123608
[Info   :Unhollower] Creating field accessors... 
[Info   :Unhollower] Done in 00:00:00.8805517
[Info   :Unhollower] Filling methods... 
[Info   :Unhollower] Done in 00:00:02.4038374
[Info   :Unhollower] Generating implicit conversions... 
[Info   :Unhollower] Done in 00:00:00.0143945
[Info   :Unhollower] Creating properties... 
[Info   :Unhollower] Done in 00:00:00.0845987
[Info   :Unhollower] Unstripping types... 
[Info   :Unhollower] Done in 00:00:01.8793342
[Info   :Unhollower] Unstripping methods... 
[Info   :Unhollower] 
[Info   :Unhollower] 9192 methods restored
[Info   :Unhollower] 1194 methods failed to restore
[Info   :Unhollower] Done in 00:00:00.6523842
[Info   :Unhollower] Unstripping method bodies... 
[Info   :Unhollower] 
[Info   :Unhollower] IL unstrip statistics: 4590 successful, 820 failed
[Info   :Unhollower] Done in 00:00:00.5993944
[Info   :Unhollower] Generating forwarded types... 
[Info   :Unhollower] Done in 00:00:00.0044786
[Info   :Unhollower] Writing xref cache... 
[Info   :Unhollower] Done in 00:00:00.7507056
[Info   :Unhollower] Writing assemblies... 
[Info   :Unhollower] Done in 00:00:03.7867998
[Info   :Unhollower] Writing method pointer map... 
[Info   :Unhollower] Done in 00:00:00.1099247
[Info   :Unhollower] Done!
[Info   : Preloader] 0 patcher plugins loaded
[Info   : Preloader] 0 assemblies discovered
[Message:   BepInEx] Chainloader initialized
[Info   :Unhollower] Registered mono type UnhollowerRuntimeLib.DelegateSupport+Il2CppToMonoDelegateReference in il2cpp domain
[Info   :   BepInEx] 2 plugins to load
[Info   :   BepInEx] Loading [Reactor 0.2.0]
[Info   :Unhollower] Registered mono type Reactor.ReactorPlugin+ReactorComponent in il2cpp domain
[Info   :Unhollower] Registered mono type Reactor.Unstrip.Patches+GUIWordWrapSizer in il2cpp domain
[Info   :   BepInEx] Loading [Sheriff role mod 0.4.2]
[Message:   BepInEx] Chainloader startup complete
[Info   :   Reactor] Region file reloaded
[Info   :   Reactor] Region file reloaded
[Info   :   Reactor] Region file reloaded
[Info   :   Reactor] Region file reloaded
[Info   :   Reactor] Region file reloaded
[Info   :   Reactor] Region file reloaded
